(---------------------------------------------------------------------)
(                                                                     )
(    NC DRILL Log                                                     )
(                                                                     )
(    Drawing          : 1-16_Power_Splitter.brd                       )
(    Software Version : 17.2S047                                      )
(    Date/Time        : Fri Apr 26 13:07:19 2019                      )
(                                                                     )
(---------------------------------------------------------------------)



 Processing NC Parameters file 'nc_param.txt' ...

 NC PARAMETERS
 -------------

 FORMAT   		5.5
 MACHINE-OFFSET		x:0.00000	y:0.00000   (mm)
 FEEDRATE		1
 COORDINATES		ABSOLUTE
 OUTPUT-UNITS		METRIC
 TOOL-ORDER		INCREASING
 REPEAT-CODES		YES
 SUPPRESS-LEAD-ZEROES	NO
 SUPPRESS-TRAIL-ZEROES	NO
 SUPPRESS-EQUAL		NO
 TOOL-SELECT		YES
 HEADER			none
 LEADER			12
 CODE			ASCII
 SEPARATE		NO
 SEPARATE-ROUTING	NO
 OPTIMIZE_DRILLING	NO
 ENHANCED_EXCELLON	YES
 SCALE			1.000000

 WARNING(SPMHMF-368): Cannot find NC Drill tool file 'nc_tools.txt'
 WARNING(SPMHMF-369): ... will auto-generate tool file 'nc_tools_auto.txt'.


     Auto-generating tool file 'nc_tools_auto.txt' ...

           Size  Plating  Tool        + Tolerance  - Tolerance

         0.2490  P        T01            0.000000     0.000000
         0.4000  P        T02            0.000000     0.000000


 Drill files being output to directory 'C:/Users/Harry.Lee/Desktop/1-16_RF_PWR_DIV-master' ...



     '1-16_Power_Splitter-1-2.drl' created for holes connecting TOP and BOTTOM
     -------------------------------------------------------------------------

     Tool  Num     Size      +/- Tolerance     Plating   Quantity

     T01    1.   0.2490    0.0000/  0.0000      PLATED        738
     T02    2.   0.4000    0.0000/  0.0000      PLATED        156

     ---- Total holes:                                        894

     ---- Total head travel:              15.52 feet (4.73 meters)

