(---------------------------------------------------------------------)
(                                                                     )
(    ARTWORK LOG                                                      )
(                                                                     )
(    Drawing          : 1-16_Power_Splitter.brd                       )
(    Software Version : 17.2P019                                      )
(    Date/Time        : Tue Apr 30 12:10:21 2019                      )
(                                                                     )
(---------------------------------------------------------------------)



 ******************************************
 WARNING: DRC OUT OF DATE on this layout.
 ******************************************

 ---- Photoplot outline rectangle not found; using drawing extents.



Results from parameter file ...
    DEVICE-TYPE           GERBER_RS274X
    OUTPUT-UNITS          INCHES
    FILM-SIZE             2400000 1600000
    FORMAT                2.5
    ABORT-ON-ERROR        NO
    SCALE                 1
    SUPPRESS-LEAD-ZEROES  YES
    SUPPRESS-TRAIL-ZEROES NO
    SUPPRESS-EQUAL        YES
    UNDEF-APT-CONT        NO



================================================================
     PROCESSING FILM < TOP_PASTEMASK >
     TO FILE < C:/Users/Raymond/Desktop/1-16_RF_PWR_DIV/Output/TOP_PASTEMASK.art > ...
================================================================

  FILM PARAMETERS :
  ---------------------------------------------------------
  Undefined line width                0.000
  Mirror code                         NONE
  Rotate angle                        NONE
  Offset x:                           0.000
  Offset y:                           0.000
  Plot negative                       YES
  Suppress unconnected internal pads  NO
  Draw holes only                     NO

    WARNING: rectangle or unfilled shape composed 0 width line found at (0.000 0.000)
           ... ignored.

    WARNING: No Photoplot Outline was found,
negative shape outline will be determined by Board Outline


  APERTURES USED:  NONE
     TOP_PASTEMASK created with warnings


================================================================
     PROCESSING FILM < BOTTOM_PASTEMASK >
     TO FILE < C:/Users/Raymond/Desktop/1-16_RF_PWR_DIV/Output/BOTTOM_PASTEMASK.art > ...
================================================================

  FILM PARAMETERS :
  ---------------------------------------------------------
  Undefined line width                0.000
  Mirror code                         NONE
  Rotate angle                        NONE
  Offset x:                           0.000
  Offset y:                           0.000
  Plot negative                       YES
  Suppress unconnected internal pads  NO
  Draw holes only                     NO

    WARNING: rectangle or unfilled shape having Multiple 0 width lines; all will be treated the same as the first.
           ... ignored.

    WARNING: No Photoplot Outline was found,
negative shape outline will be determined by Board Outline


  APERTURES USED:  NONE
     BOTTOM_PASTEMASK created with warnings


------------------------------------------------------
 SUMMARY:
        TOP_PASTEMASK created with warnings
        BOTTOM_PASTEMASK created with warnings

 ARTWORK had warnings
