Fri Apr 26 12:45:37 2019				Page     1


 
Update Symbols/Modules Logfile
	Fri Apr 26 12:45:37 2019

------ Module Refresh Messages ------

SUMMARY:    Updated 0 out of 0 modules

------ End Module Messages     ------



(---------------------------------------------------------------------)
(                                                                     )
(    Refresh Symbol                                                   )
(                                                                     )
(    Drawing          : 1-16_Power_Splitter.brd                       )
(    Software Version : 17.2S047                                      )
(    Date/Time        : Fri Apr 26 12:45:37 2019                      )
(                                                                     )
(---------------------------------------------------------------------)


Fri Apr 26 12:45:37 2019				Page     1


------ Symbol Refresh Directives ------

Input design  = 'C:/Users/Harry.Lee/Desktop/1-16_RF_PWR_DIV-master/1-16_Power_Splitter.brd'
Output design = ''

Update mechanical symbols              = 'NO'
Update format symbols                  = 'NO'
Update package symbols                 = 'NO'
Update shape/flash symbols             = 'NO'
Update symbol padstacks                = 'NO'
Preserve padstacks replaced on pins    = 'NO'
Reset symbol text and size locations   = 'NO'
Reset Pin Escapes (fanouts)            = 'NO'
Ripup Etch                             = 'NO'
Reset custom drill data                = 'NO'
Symbol list file                       = 'C:/Users/Harry.Lee/AppData/Local/Temp/#Taaaaay10664.tmp'


------ Library Paths ------
PSMPATH =  . 
           symbols 
           .. 
           ../symbols 
           c:/cadence/spb_17.2/share/local/pcb/symbols 
           c:/cadence/spb_17.2/share/pcb/pcb_lib/symbols 
           c:/cadence/spb_17.2/share/pcb/allegrolib/symbols 

PADPATH =  . 
           symbols 
           .. 
           ../symbols 
           c:/cadence/spb_17.2/share/local/pcb/padstacks 
           c:/cadence/spb_17.2/share/pcb/pcb_lib/symbols 
           c:/cadence/spb_17.2/share/pcb/allegrolib/symbols 


------ Symbol Refresh Messages ------

'CONNECTOR'  symbol refreshed successfully.


----- Symbol Update Summary ----

Updated symbols: 1 out 1
    Design updated.

