(---------------------------------------------------------------------)
(                                                                     )
(    RF Parameters Check Log                                          )
(                                                                     )
(    Drawing          : 1-16_Power_Splitter.brd                       )
(    Software Version : 17.2S047                                      )
(    Date/Time        : Tue Apr 30 10:13:09 2019                      )
(                                                                     )
(---------------------------------------------------------------------)


Retrieving parameters for RF component - RFU2.
Retrieving parameters for RF component - RFU1.
Retrieving parameters for RF component - RFU4.
Retrieving parameters for RF component - RFU6.
Retrieving parameters for RF component - RFU7.
Retrieving parameters for RF component - RFU8.
Retrieving parameters for RF component - RFU9.
Retrieving parameters for RF component - RFU10.
Retrieving parameters for RF component - RFU11.
Retrieving parameters for RF component - RFU12.
Retrieving parameters for RF component - RFU13.
Retrieving parameters for RF component - RFU14.
Retrieving parameters for RF component - RFU15.
Retrieving parameters for RF component - RFU16.
Retrieving parameters for RF component - RFU17.
Retrieving parameters for RF component - RFU18.
Retrieving parameters for RF component - RFU19.
Retrieving parameters for RF component - RFU20.
Retrieving parameters for RF component - RFU21.
Retrieving parameters for RF component - RFU22.
Retrieving parameters for RF component - RFU23.
Retrieving parameters for RF component - RFU24.
Retrieving parameters for RF component - RFU25.
Retrieving parameters for RF component - RFU26.
Retrieving parameters for RF component - RFU27.
Retrieving parameters for RF component - RFU28.
Retrieving parameters for RF component - RFU29.
Retrieving parameters for RF component - RFU30.
Retrieving parameters for RF component - RFU31.
Retrieving parameters for RF component - RFU32.
Retrieving parameters for RF component - RFU33.
Retrieving parameters for RF component - RFU34.
Retrieving parameters for RF component - RFU35.
Retrieving parameters for RF component - RFU36.
Retrieving parameters for RF component - RFU37.
Retrieving parameters for RF component - RFU38.
Retrieving parameters for RF component - RFU39.
Retrieving parameters for RF component - RFU40.
Retrieving parameters for RF component - RFU41.
Retrieving parameters for RF component - RFU42.
Retrieving parameters for RF component - RFU43.
Retrieving parameters for RF component - RFU44.
Retrieving parameters for RF component - RFU45.
Retrieving parameters for RF component - RFU46.
Retrieving parameters for RF component - RFU47.
Retrieving parameters for RF component - RFU48.
Retrieving parameters for RF component - RFU49.
Retrieving parameters for RF component - RFU50.
Retrieving parameters for RF component - RFU53.
Retrieving parameters for RF component - RFU59.
Retrieving parameters for RF component - RFU65.
Retrieving parameters for RF component - RFU68.
Retrieving parameters for RF component - RFU71.
Retrieving parameters for RF component - RFU74.
Retrieving parameters for RF component - RFU77.
Retrieving parameters for RF component - RFU80.
Retrieving parameters for RF component - RFU89.
Retrieving parameters for RF component - RFU92.
Retrieving parameters for RF component - RFU95.
Retrieving parameters for RF component - RFU98.
Retrieving parameters for RF component - RFU101.
Retrieving parameters for RF component - RFU104.
Retrieving parameters for RF component - RFU107.
Retrieving parameters for RF component - RFU110.
Retrieving parameters for RF component - RFU113.
Retrieving parameters for RF component - RFU116.
Retrieving parameters for RF component - RFU119.
Retrieving parameters for RF component - RFU122.
Retrieving parameters for RF component - RFU125.
Retrieving parameters for RF component - RFU128.
Retrieving parameters for RF component - RFU131.
Retrieving parameters for RF component - RFU134.
Retrieving parameters for RF component - RFU137.
Retrieving parameters for RF component - RFU140.
Retrieving parameters for RF component - RFU56.
Retrieving parameters for RF component - RFU103.
Retrieving parameters for RF component - RFU109.
Retrieving parameters for RF component - RFU106.
Retrieving parameters for RF component - RFU51.
Retrieving parameters for RF component - RFU171.
Retrieving parameters for RF component - RFU60.
Retrieving parameters for RF component - RFU173.
Retrieving parameters for RF component - RFU57.
Retrieving parameters for RF component - RFU175.
Retrieving parameters for RF component - RFU63.
Retrieving parameters for RF component - RFU177.
Retrieving parameters for RF component - RFU69.
Retrieving parameters for RF component - RFU179.
Retrieving parameters for RF component - RFU72.
Retrieving parameters for RF component - RFU181.
Retrieving parameters for RF component - RFU66.
Retrieving parameters for RF component - RFU183.
Retrieving parameters for RF component - RFU75.
Retrieving parameters for RF component - RFU185.
Retrieving parameters for RF component - RFU78.
Retrieving parameters for RF component - RFU187.
Retrieving parameters for RF component - RFU135.
Retrieving parameters for RF component - RFU189.
Retrieving parameters for RF component - RFU138.
Retrieving parameters for RF component - RFU191.
Retrieving parameters for RF component - RFU132.
Retrieving parameters for RF component - RFU193.
Retrieving parameters for RF component - RFU129.
Retrieving parameters for RF component - RFU195.
Retrieving parameters for RF component - RFU123.
Retrieving parameters for RF component - RFU197.
Retrieving parameters for RF component - RFU126.
Retrieving parameters for RF component - RFU199.
Retrieving parameters for RF component - RFU54.
Retrieving parameters for RF component - RFU201.
Retrieving parameters for RF component - RFU99.
Retrieving parameters for RF component - RFU203.
Retrieving parameters for RF component - RFU87.
Retrieving parameters for RF component - RFU205.
Retrieving parameters for RF component - RFU84.
Retrieving parameters for RF component - RFU207.
Retrieving parameters for RF component - RFU81.
Retrieving parameters for RF component - RFU209.
Retrieving parameters for RF component - RFU90.
Retrieving parameters for RF component - RFU211.
Retrieving parameters for RF component - RFU96.
Retrieving parameters for RF component - RFU213.
Retrieving parameters for RF component - RFU93.
Retrieving parameters for RF component - RFU215.
Retrieving parameters for RF component - RFU62.
Retrieving parameters for RF component - RFU217.
Retrieving parameters for RF component - RFU83.
Retrieving parameters for RF component - RFU219.
Retrieving parameters for RF component - RFU117.
Retrieving parameters for RF component - RFU221.
Retrieving parameters for RF component - RFU120.
Retrieving parameters for RF component - RFU223.
Retrieving parameters for RF component - RFU86.
Retrieving parameters for RF component - RFU225.
Retrieving parameters for RF component - RFU111.
Retrieving parameters for RF component - RFU227.
Retrieving parameters for RF component - RFU114.
Retrieving parameters for RF component - RFU229.
Retrieving parameters for RF component - RFU3.
Retrieving parameters for RF component - RFU5.
Retrieving parameters for RF component - RFU141.
Retrieving parameters for RF component - RFU143.
Retrieving parameters for RF component - RFU144.
Retrieving parameters for RF component - RFU145.
Retrieving parameters for RF component - RFU146.
Retrieving parameters for RF component - RFU147.
Retrieving parameters for RF component - RFU148.
Retrieving parameters for RF component - RFU149.
Retrieving parameters for RF component - RFU150.
Retrieving parameters for RF component - RFU151.
Retrieving parameters for RF component - RFU152.
Retrieving parameters for RF component - RFU153.
Retrieving parameters for RF component - RFU154.
Retrieving parameters for RF component - RFU155.
Retrieving parameters for RF component - RFU156.
Retrieving parameters for RF component - RFU142.
Retrieving parameters for RF component - RFU157.
Retrieving parameters for RF component - RFU159.
Retrieving parameters for RF component - RFU160.
Retrieving parameters for RF component - RFU161.
Retrieving parameters for RF component - RFU162.
Retrieving parameters for RF component - RFU163.
Retrieving parameters for RF component - RFU164.
Retrieving parameters for RF component - RFU158.
Retrieving parameters for RF component - RFU167.
Retrieving parameters for RF component - RFU168.
Retrieving parameters for RF component - RFU166.
Retrieving parameters for RF component - RFU169.
Retrieving parameters for RF component - RFU170.
Retrieving parameters for RF component - RFU165.
Retrieving parameters for RF component - RFU172.
Retrieving parameters for RF component - RFU174.
Retrieving parameters for RF component - RFU176.
Retrieving parameters for RF component - RFU178.
Retrieving parameters for RF component - RFU180.
Retrieving parameters for RF component - RFU182.
Retrieving parameters for RF component - RFU184.
Retrieving parameters for RF component - RFU186.
Retrieving parameters for RF component - RFU188.
Retrieving parameters for RF component - RFU190.
Retrieving parameters for RF component - RFU192.
Retrieving parameters for RF component - RFU194.
Retrieving parameters for RF component - RFU196.
Retrieving parameters for RF component - RFU198.
Retrieving parameters for RF component - RFU200.
Retrieving parameters for RF component - RFU202.
Retrieving parameters for RF component - RFU204.
Retrieving parameters for RF component - RFU206.
Retrieving parameters for RF component - RFU208.
Retrieving parameters for RF component - RFU210.
Retrieving parameters for RF component - RFU212.
Retrieving parameters for RF component - RFU214.
Retrieving parameters for RF component - RFU216.
Retrieving parameters for RF component - RFU218.
Retrieving parameters for RF component - RFU220.
Retrieving parameters for RF component - RFU222.
Retrieving parameters for RF component - RFU224.
Retrieving parameters for RF component - RFU226.
Retrieving parameters for RF component - RFU228.
Retrieving parameters for RF component - RFU230.
Retrieving parameters for RF component - RFU52.
Retrieving parameters for RF component - RFU58.
Retrieving parameters for RF component - RFU61.
Retrieving parameters for RF component - RFU64.
Retrieving parameters for RF component - RFU67.
Retrieving parameters for RF component - RFU70.
Retrieving parameters for RF component - RFU73.
Retrieving parameters for RF component - RFU76.
Retrieving parameters for RF component - RFU79.
Retrieving parameters for RF component - RFU82.
Retrieving parameters for RF component - RFU85.
Retrieving parameters for RF component - RFU88.
Retrieving parameters for RF component - RFU91.
Retrieving parameters for RF component - RFU94.
Retrieving parameters for RF component - RFU97.
Retrieving parameters for RF component - RFU100.
Retrieving parameters for RF component - RFU112.
Retrieving parameters for RF component - RFU115.
Retrieving parameters for RF component - RFU118.
Retrieving parameters for RF component - RFU121.
Retrieving parameters for RF component - RFU124.
Retrieving parameters for RF component - RFU127.
Retrieving parameters for RF component - RFU130.
Retrieving parameters for RF component - RFU133.
Retrieving parameters for RF component - RFU136.
Retrieving parameters for RF component - RFU139.
Retrieving parameters for RF component - RFU55.
Retrieving parameters for RF component - RFU102.
Retrieving parameters for RF component - RFU108.
Retrieving parameters for RF component - RFU105.
==================== End of File ====================