
*********************************************************************
                         ROUTER-LOG
*********************************************************************

NEW ROUTE on C:/Users/Raymond/Documents/Projects/1-16_Power_Splitter/1-16_Power_Splitter.brd
Started on   Sun Mar 31 14:44:14 2019
**ERROR - there is no route keepin rectangle
---------------------------------------------------------------------
Statistics at the End of the Route:
----------------------------


    Connection Statistics:        W/Rats      No/Rats      Total
    ----------------------        ------      -------      -----
        Connections                126           0          126
        Already Connected            1           0            1
        Missing Connections        125           0          125
        Connection Completion        0.79%       0.00%        0.79%
        Etch Length (inches)         0.14        0.00         0.14
        Number of vias		     0           0            0
        Vias per Connection          0.00        0.00         0.00
        Smd pins with attached clines                         2



    Total cpu time - 0:1:8 hours
    Total elapsed time - 2186:0:27 hours
    Invalid Count Time: 0 0:0:0 hours
    Route ended on  Sun Mar 31 14:44:14 2019

*********************************************************************
                         ROUTER-LOG
*********************************************************************

NEW ROUTE on C:/Users/Raymond/Documents/Projects/1-16_Power_Splitter/1-16_Power_Splitter.brd
Started on   Sun Mar 31 14:44:14 2019
**ERROR - there is no route keepin rectangle
---------------------------------------------------------------------
Statistics at the End of the Route:
----------------------------


    Connection Statistics:        W/Rats      No/Rats      Total
    ----------------------        ------      -------      -----
        Connections                126           0          126
        Already Connected            1           0            1
        Missing Connections        125           0          125
        Connection Completion        0.79%       0.00%        0.79%
        Etch Length (inches)         0.14        0.00         0.14
        Number of vias		     0           0            0
        Vias per Connection          0.00        0.00         0.00
        Smd pins with attached clines                         2



    Total cpu time - 0:1:8 hours
    Total elapsed time - 2186:0:27 hours
    Invalid Count Time: 0 0:0:0 hours
    Route ended on  Sun Mar 31 14:44:14 2019

*********************************************************************
                         ROUTER-LOG
*********************************************************************

NEW ROUTE on C:/Users/Raymond/Documents/Projects/1-16_Power_Splitter/1-16_Power_Splitter.brd
Started on   Sun Mar 31 14:44:14 2019
**ERROR - there is no route keepin rectangle
---------------------------------------------------------------------
Statistics at the End of the Route:
----------------------------


    Connection Statistics:        W/Rats      No/Rats      Total
    ----------------------        ------      -------      -----
        Connections                126           0          126
        Already Connected            1           0            1
        Missing Connections        125           0          125
        Connection Completion        0.79%       0.00%        0.79%
        Etch Length (inches)         0.14        0.00         0.14
        Number of vias		     0           0            0
        Vias per Connection          0.00        0.00         0.00
        Smd pins with attached clines                         2



    Total cpu time - 0:1:8 hours
    Total elapsed time - 2186:0:27 hours
    Invalid Count Time: 0 0:0:0 hours
    Route ended on  Sun Mar 31 14:44:14 2019

*********************************************************************
                         ROUTER-LOG
*********************************************************************

NEW ROUTE on C:/Users/Raymond/Documents/Projects/1-16_Power_Splitter/1-16_Power_Splitter.brd
Started on   Sun Mar 31 14:44:59 2019
**ERROR - there is no route keepin rectangle
---------------------------------------------------------------------
Statistics at the End of the Route:
----------------------------


    Connection Statistics:        W/Rats      No/Rats      Total
    ----------------------        ------      -------      -----
        Connections                126           0          126
        Already Connected            1           0            1
        Missing Connections        125           0          125
        Connection Completion        0.79%       0.00%        0.79%
        Etch Length (inches)         0.14        0.00         0.14
        Number of vias		     0           0            0
        Vias per Connection          0.00        0.00         0.00
        Smd pins with attached clines                         2



    Total cpu time - 0:1:21 hours
    Total elapsed time - 2186:1:12 hours
    Invalid Count Time: 0 0:0:0 hours
    Route ended on  Sun Mar 31 14:44:59 2019

*********************************************************************
                         ROUTER-LOG
*********************************************************************

NEW ROUTE on C:/Users/Raymond/Documents/Projects/1-16_Power_Splitter/1-16_Power_Splitter.brd
Started on   Sun Mar 31 14:44:59 2019
**ERROR - there is no route keepin rectangle
---------------------------------------------------------------------
Statistics at the End of the Route:
----------------------------


    Connection Statistics:        W/Rats      No/Rats      Total
    ----------------------        ------      -------      -----
        Connections                126           0          126
        Already Connected            1           0            1
        Missing Connections        125           0          125
        Connection Completion        0.79%       0.00%        0.79%
        Etch Length (inches)         0.14        0.00         0.14
        Number of vias		     0           0            0
        Vias per Connection          0.00        0.00         0.00
        Smd pins with attached clines                         2



    Total cpu time - 0:1:21 hours
    Total elapsed time - 2186:1:12 hours
    Invalid Count Time: 0 0:0:0 hours
    Route ended on  Sun Mar 31 14:44:59 2019

*********************************************************************
                         ROUTER-LOG
*********************************************************************

NEW ROUTE on C:/Users/Raymond/Documents/Projects/1-16_Power_Splitter/1-16_Power_Splitter.brd
Started on   Sun Mar 31 14:44:59 2019
**ERROR - there is no route keepin rectangle
---------------------------------------------------------------------
Statistics at the End of the Route:
----------------------------


    Connection Statistics:        W/Rats      No/Rats      Total
    ----------------------        ------      -------      -----
        Connections                126           0          126
        Already Connected            1           0            1
        Missing Connections        125           0          125
        Connection Completion        0.79%       0.00%        0.79%
        Etch Length (inches)         0.14        0.00         0.14
        Number of vias		     0           0            0
        Vias per Connection          0.00        0.00         0.00
        Smd pins with attached clines                         2



    Total cpu time - 0:1:22 hours
    Total elapsed time - 2186:1:12 hours
    Invalid Count Time: 0 0:0:0 hours
    Route ended on  Sun Mar 31 14:44:59 2019
