
---------------------------------------------------------------------------
BOARD: C:/Users/Raymond/Documents/Projects/1-16_Power_Splitter/1-16_Power_Splitter.brd ROUTER: 17.2
DATE: Sun Mar 31 14:44:14 2019        HOST: DESKTOP-0F6HLN1
---------------------------------------------------------------------------
Cnt St-ex Router      Att  Inv Miss Com% Drcs Vias   Etch  Cpu exec  Cpu Tot
--------- ------    ----- ---- ---- ---- ---- ---- ------  -------- --------

---------------------------------------------------------------------------
BOARD: C:/Users/Raymond/Documents/Projects/1-16_Power_Splitter/1-16_Power_Splitter.brd ROUTER: 17.2
DATE: Sun Mar 31 14:44:14 2019        HOST: DESKTOP-0F6HLN1
---------------------------------------------------------------------------
Cnt St-ex Router      Att  Inv Miss Com% Drcs Vias   Etch  Cpu exec  Cpu Tot
--------- ------    ----- ---- ---- ---- ---- ---- ------  -------- --------

---------------------------------------------------------------------------
BOARD: C:/Users/Raymond/Documents/Projects/1-16_Power_Splitter/1-16_Power_Splitter.brd ROUTER: 17.2
DATE: Sun Mar 31 14:44:14 2019        HOST: DESKTOP-0F6HLN1
---------------------------------------------------------------------------
Cnt St-ex Router      Att  Inv Miss Com% Drcs Vias   Etch  Cpu exec  Cpu Tot
--------- ------    ----- ---- ---- ---- ---- ---- ------  -------- --------

---------------------------------------------------------------------------
BOARD: C:/Users/Raymond/Documents/Projects/1-16_Power_Splitter/1-16_Power_Splitter.brd ROUTER: 17.2
DATE: Sun Mar 31 14:44:59 2019        HOST: DESKTOP-0F6HLN1
---------------------------------------------------------------------------
Cnt St-ex Router      Att  Inv Miss Com% Drcs Vias   Etch  Cpu exec  Cpu Tot
--------- ------    ----- ---- ---- ---- ---- ---- ------  -------- --------

---------------------------------------------------------------------------
BOARD: C:/Users/Raymond/Documents/Projects/1-16_Power_Splitter/1-16_Power_Splitter.brd ROUTER: 17.2
DATE: Sun Mar 31 14:44:59 2019        HOST: DESKTOP-0F6HLN1
---------------------------------------------------------------------------
Cnt St-ex Router      Att  Inv Miss Com% Drcs Vias   Etch  Cpu exec  Cpu Tot
--------- ------    ----- ---- ---- ---- ---- ---- ------  -------- --------

---------------------------------------------------------------------------
BOARD: C:/Users/Raymond/Documents/Projects/1-16_Power_Splitter/1-16_Power_Splitter.brd ROUTER: 17.2
DATE: Sun Mar 31 14:44:59 2019        HOST: DESKTOP-0F6HLN1
---------------------------------------------------------------------------
Cnt St-ex Router      Att  Inv Miss Com% Drcs Vias   Etch  Cpu exec  Cpu Tot
--------- ------    ----- ---- ---- ---- ---- ---- ------  -------- --------
